In file included from ../ext/bson.cc:35:
In file included from ../ext/bson.h:17:
/Volumes/Data/Projects/GitHub/mochat/node_modules/mongoskin/node_modules/mongodb/node_modules/bson/node_modules/nan/nan.h:810:31: error: no matching function for call to 'New'
  v8::Local<v8::String> str = v8::Local<v8::String>::New(val.As<v8::String>());
                              ^~~~~~~~~~~~~~~~~~~~~~~~~~
/Users/airsen/.node-gyp/0.11.12/deps/v8/include/v8.h:383:29: note: candidate function template not viable: requires 2 arguments, but 1 was provided
  V8_INLINE static Local<T> New(Isolate* isolate,
                            ^
/Users/airsen/.node-gyp/0.11.12/deps/v8/include/v8.h:381:29: note: candidate function not viable: requires 2 arguments, but 1 was provided
  V8_INLINE static Local<T> New(Isolate* isolate, Handle<T> that);
                            ^
/Users/airsen/.node-gyp/0.11.12/deps/v8/include/v8.h:406:29: note: candidate function not viable: requires 2 arguments, but 1 was provided
  V8_INLINE static Local<T> New(Isolate* isolate, T* that);
                            ^
1 error generated.
make: *** [Release/obj.target/bson/ext/bson.o] Error 1
gyp ERR! build error 
gyp ERR! stack Error: `make` failed with exit code: 2
gyp ERR! stack     at ChildProcess.onExit (/usr/local/lib/node_modules/npm/node_modules/node-gyp/lib/build.js:267:23)
gyp ERR! stack     at ChildProcess.EventEmitter.emit (events.js:107:17)
gyp ERR! stack     at Process.ChildProcess._handle.onexit (child_process.js:1045:12)
gyp ERR! System Darwin 13.1.0
gyp ERR! command "node" "/usr/local/lib/node_modules/npm/node_modules/node-gyp/bin/node-gyp.js" "rebuild"
gyp ERR! cwd /Volumes/Data/Projects/GitHub/mochat/node_modules/mongoskin/node_modules/mongodb/node_modules/bson
gyp ERR! node -v v0.11.12
gyp ERR! node-gyp -v v0.13.0
gyp ERR! not ok 
